**** The Simulator log: stage 2
0.0,OOP_Ex0_Elevator_Simulator
0.0,Simulated Building, ex0.simulator.Builging_A [-2,10]
0) ex0.simulator.Elevator_A, Elev_0, speed: 1.0, open/close: 2.0,  start/stop: 3.0
1) ex0.simulator.Elevator_A, Elev_1, speed: 1.0, open/close: 2.0,  start/stop: 3.0
0.0,Simulated Period starTime,0.0,  endTime,1000.0,  dt,1.0
0.0,Simulated  calls,Elevetor log, size: 100
0.0,**** Simulation starts!! ****
0.0, elevID,0,  pos,-2,  cmd, goto,4
0.0, elevID,1,  pos,-2,  cmd, goto,9
5.0,Elevator call,4.374727290393253,0,-1,1,0, got allocated to elevator, 0
16.0, elevID,0,  pos,4,  cmd, goto,3
17.0,Elevator call,16.957882888088932,-1,0,1,1, got allocated to elevator, 1
21.0, elevID,1,  pos,9,  cmd, goto,10
23.0,Elevator call,22.094056301593582,0,-1,1,0, got allocated to elevator, 0
27.0, elevID,0,  pos,3,  cmd, goto,2
32.0, elevID,1,  pos,10,  cmd, goto,-2
38.0, elevID,0,  pos,2,  cmd, goto,1
49.0, elevID,0,  pos,1,  cmd, goto,0
54.0, elevID,1,  pos,-2,  cmd, goto,-1
60.0,Elev,0,  arrived at src, 0, Elevator call,4.374727290393253,0,-1,2,0
60.0,Elev,0,  arrived at src, 0, Elevator call,22.094056301593582,0,-1,2,0
60.0, elevID,0,  pos,0,  cmd, goto,-1
65.0,Elev,1,  arrived at src, -1, Elevator call,16.957882888088932,-1,0,2,1
65.0, elevID,1,  pos,-1,  cmd, goto,0
71.0,Elev,0,  arrived at dest, -1, this call is done!, Elevator call,4.374727290393253,0,-1,3,0, Done, dt, 66.62527270960675
71.0,Elev,0,  arrived at dest, -1, this call is done!, Elevator call,22.094056301593582,0,-1,3,0, Done, dt, 48.90594369840642
71.0, elevID,0,  pos,-1,  cmd, goto,-2
76.0,Elev,1,  arrived at dest, 0, this call is done!, Elevator call,16.957882888088932,-1,0,3,1, Done, dt, 59.04211711191107
76.0, elevID,1,  pos,0,  cmd, goto,1
82.0, elevID,0,  pos,-2,  cmd, goto,10
86.0,Elevator call,85.5209666204754,3,2,1,0, got allocated to elevator, 0
87.0, elevID,1,  pos,1,  cmd, goto,2
92.0,Elevator call,91.21019413453945,-1,-2,1,0, got allocated to elevator, 0
98.0, elevID,1,  pos,2,  cmd, goto,3
104.0, elevID,0,  pos,10,  cmd, goto,9
105.0,Elevator call,104.13701241869234,0,4,1,1, got allocated to elevator, 1
109.0, elevID,1,  pos,3,  cmd, goto,4
110.0,Elevator call,109.21352909346587,-1,0,1,1, got allocated to elevator, 1
115.0,Elevator call,114.39235096774041,3,0,1,0, got allocated to elevator, 0
115.0, elevID,0,  pos,9,  cmd, goto,8
120.0, elevID,1,  pos,4,  cmd, goto,5
125.0,Elevator call,124.42557095980362,0,9,1,1, got allocated to elevator, 1
126.0, elevID,0,  pos,8,  cmd, goto,7
131.0,Elevator call,130.02495678190564,8,10,1,1, got allocated to elevator, 1
131.0,Elevator call,130.224911275492,-1,1,1,1, got allocated to elevator, 1
131.0, elevID,1,  pos,5,  cmd, goto,6
137.0, elevID,0,  pos,7,  cmd, goto,6
138.0,Elevator call,137.9515274326701,0,4,1,1, got allocated to elevator, 1
142.0, elevID,1,  pos,6,  cmd, goto,7
144.0,Elevator call,143.91335838799415,0,6,1,1, got allocated to elevator, 1
148.0, elevID,0,  pos,6,  cmd, goto,5
153.0, elevID,1,  pos,7,  cmd, goto,8
159.0, elevID,0,  pos,5,  cmd, goto,4
164.0,Elev,1,  arrived at src, 8, Elevator call,130.02495678190564,8,10,2,1
164.0, elevID,1,  pos,8,  cmd, goto,9
170.0,Elevator call,169.78458339380109,-1,0,1,1, got allocated to elevator, 1
170.0, elevID,0,  pos,4,  cmd, goto,3
171.0,Elevator call,170.0099620835246,0,6,1,1, got allocated to elevator, 1
172.0,Elevator call,171.21173315221364,-1,8,1,1, got allocated to elevator, 1
175.0,Elevator call,174.84385152106802,0,-1,1,0, got allocated to elevator, 0
175.0, elevID,1,  pos,9,  cmd, goto,10
181.0,Elev,0,  arrived at src, 3, Elevator call,85.5209666204754,3,2,2,0
181.0,Elev,0,  arrived at src, 3, Elevator call,114.39235096774041,3,0,2,0
181.0, elevID,0,  pos,3,  cmd, goto,2
186.0,Elev,1,  arrived at dest, 10, this call is done!, Elevator call,130.02495678190564,8,10,3,1, Done, dt, 55.975043218094356
186.0, elevID,1,  pos,10,  cmd, goto,-2
188.0,Elevator call,187.11678617348463,-1,-2,1,0, got allocated to elevator, 0
188.0,Elevator call,187.7299317966884,-1,-2,1,0, got allocated to elevator, 0
192.0,Elev,0,  arrived at dest, 2, this call is done!, Elevator call,85.5209666204754,3,2,3,0, Done, dt, 106.4790333795246
192.0, elevID,0,  pos,2,  cmd, goto,1
196.0,Elevator call,195.90869649656992,0,7,1,1, got allocated to elevator, 1
198.0,Elevator call,197.5359191292572,-1,1,1,1, got allocated to elevator, 1
203.0, elevID,0,  pos,1,  cmd, goto,0
206.0,Elevator call,205.9895199338651,-1,0,1,1, got allocated to elevator, 1
208.0, elevID,1,  pos,-2,  cmd, goto,-1
214.0,Elev,0,  arrived at dest, 0, this call is done!, Elevator call,114.39235096774041,3,0,3,0, Done, dt, 99.60764903225959
214.0,Elev,0,  arrived at src, 0, Elevator call,174.84385152106802,0,-1,2,0
214.0, elevID,0,  pos,0,  cmd, goto,-1
219.0,Elev,1,  arrived at src, -1, Elevator call,109.21352909346587,-1,0,2,1
219.0,Elev,1,  arrived at src, -1, Elevator call,130.224911275492,-1,1,2,1
219.0,Elev,1,  arrived at src, -1, Elevator call,169.78458339380109,-1,0,2,1
219.0,Elev,1,  arrived at src, -1, Elevator call,171.21173315221364,-1,8,2,1
219.0,Elev,1,  arrived at src, -1, Elevator call,197.5359191292572,-1,1,2,1
219.0,Elev,1,  arrived at src, -1, Elevator call,205.9895199338651,-1,0,2,1
219.0, elevID,1,  pos,-1,  cmd, goto,0
225.0,Elev,0,  arrived at src, -1, Elevator call,91.21019413453945,-1,-2,2,0
225.0,Elev,0,  arrived at dest, -1, this call is done!, Elevator call,174.84385152106802,0,-1,3,0, Done, dt, 50.15614847893198
225.0,Elev,0,  arrived at src, -1, Elevator call,187.11678617348463,-1,-2,2,0
225.0,Elev,0,  arrived at src, -1, Elevator call,187.7299317966884,-1,-2,2,0
225.0, elevID,0,  pos,-1,  cmd, goto,-2
228.0,Elevator call,227.0798304557929,-1,5,1,1, got allocated to elevator, 1
230.0,Elev,1,  arrived at src, 0, Elevator call,104.13701241869234,0,4,2,1
230.0,Elev,1,  arrived at dest, 0, this call is done!, Elevator call,109.21352909346587,-1,0,3,1, Done, dt, 120.78647090653413
230.0,Elev,1,  arrived at src, 0, Elevator call,124.42557095980362,0,9,2,1
230.0,Elev,1,  arrived at src, 0, Elevator call,137.9515274326701,0,4,2,1
230.0,Elev,1,  arrived at src, 0, Elevator call,143.91335838799415,0,6,2,1
230.0,Elev,1,  arrived at dest, 0, this call is done!, Elevator call,169.78458339380109,-1,0,3,1, Done, dt, 60.215416606198914
230.0,Elev,1,  arrived at src, 0, Elevator call,170.0099620835246,0,6,2,1
230.0,Elev,1,  arrived at src, 0, Elevator call,195.90869649656992,0,7,2,1
230.0,Elev,1,  arrived at dest, 0, this call is done!, Elevator call,205.9895199338651,-1,0,3,1, Done, dt, 24.010480066134903
230.0, elevID,1,  pos,0,  cmd, goto,1
232.0,Elevator call,231.51578817426258,-1,0,1,1, got allocated to elevator, 1
233.0,Elevator call,232.95043623946805,0,-1,1,0, got allocated to elevator, 0
236.0,Elev,0,  arrived at dest, -2, this call is done!, Elevator call,91.21019413453945,-1,-2,3,0, Done, dt, 144.78980586546055
236.0,Elev,0,  arrived at dest, -2, this call is done!, Elevator call,187.11678617348463,-1,-2,3,0, Done, dt, 48.88321382651537
236.0,Elev,0,  arrived at dest, -2, this call is done!, Elevator call,187.7299317966884,-1,-2,3,0, Done, dt, 48.27006820331161
236.0, elevID,0,  pos,-2,  cmd, goto,10
241.0,Elev,1,  arrived at dest, 1, this call is done!, Elevator call,130.224911275492,-1,1,3,1, Done, dt, 110.77508872450801
241.0,Elev,1,  arrived at dest, 1, this call is done!, Elevator call,197.5359191292572,-1,1,3,1, Done, dt, 43.464080870742805
241.0, elevID,1,  pos,1,  cmd, goto,2
252.0,Elevator call,251.10444690749756,-1,-2,1,0, got allocated to elevator, 0
252.0,Elevator call,251.23593354161653,0,9,1,1, got allocated to elevator, 1
252.0, elevID,1,  pos,2,  cmd, goto,3
255.0,Elevator call,254.69771525200505,3,4,1,1, got allocated to elevator, 1
258.0,Elevator call,257.7974435335086,-1,0,1,1, got allocated to elevator, 1
258.0, elevID,0,  pos,10,  cmd, goto,9
263.0,Elev,1,  arrived at src, 3, Elevator call,254.69771525200505,3,4,2,1
263.0, elevID,1,  pos,3,  cmd, goto,4
269.0, elevID,0,  pos,9,  cmd, goto,8
274.0,Elev,1,  arrived at dest, 4, this call is done!, Elevator call,104.13701241869234,0,4,3,1, Done, dt, 169.86298758130766
274.0,Elev,1,  arrived at dest, 4, this call is done!, Elevator call,137.9515274326701,0,4,3,1, Done, dt, 136.0484725673299
274.0,Elev,1,  arrived at dest, 4, this call is done!, Elevator call,254.69771525200505,3,4,3,1, Done, dt, 19.302284747994946
274.0, elevID,1,  pos,4,  cmd, goto,5
280.0, elevID,0,  pos,8,  cmd, goto,7
285.0, elevID,1,  pos,5,  cmd, goto,6
291.0, elevID,0,  pos,7,  cmd, goto,6
296.0,Elevator call,295.7943356681491,0,1,1,1, got allocated to elevator, 1
296.0,Elev,1,  arrived at dest, 6, this call is done!, Elevator call,143.91335838799415,0,6,3,1, Done, dt, 152.08664161200585
296.0,Elev,1,  arrived at dest, 6, this call is done!, Elevator call,170.0099620835246,0,6,3,1, Done, dt, 125.99003791647539
296.0, elevID,1,  pos,6,  cmd, goto,7
302.0, elevID,0,  pos,6,  cmd, goto,5
305.0,Elevator call,304.99843880775313,6,0,1,0, got allocated to elevator, 0
307.0,Elev,1,  arrived at dest, 7, this call is done!, Elevator call,195.90869649656992,0,7,3,1, Done, dt, 111.09130350343008
307.0, elevID,1,  pos,7,  cmd, goto,8
310.0,Elevator call,309.30053828560517,0,-1,1,0, got allocated to elevator, 0
313.0,Elevator call,312.30185564398687,0,-1,1,0, got allocated to elevator, 0
313.0, elevID,0,  pos,5,  cmd, goto,4
317.0,Elevator call,316.03237827404377,0,-1,1,0, got allocated to elevator, 0
318.0,Elev,1,  arrived at dest, 8, this call is done!, Elevator call,171.21173315221364,-1,8,3,1, Done, dt, 146.78826684778636
318.0, elevID,1,  pos,8,  cmd, goto,9
320.0,Elevator call,319.90520204415634,6,5,1,0, got allocated to elevator, 0
321.0,Elevator call,320.97607492210807,-1,0,1,1, got allocated to elevator, 1
322.0,Elevator call,321.37040904796595,7,-1,1,0, got allocated to elevator, 0
324.0, elevID,0,  pos,4,  cmd, goto,3
329.0,Elev,1,  arrived at dest, 9, this call is done!, Elevator call,124.42557095980362,0,9,3,1, Done, dt, 204.57442904019638
329.0, elevID,1,  pos,9,  cmd, goto,10
333.0,Elevator call,332.4267319393355,0,10,1,1, got allocated to elevator, 1
335.0, elevID,0,  pos,3,  cmd, goto,2
337.0,Elevator call,336.93043046159545,-1,0,1,1, got allocated to elevator, 1
340.0, elevID,1,  pos,10,  cmd, goto,-2
346.0, elevID,0,  pos,2,  cmd, goto,1
357.0, elevID,0,  pos,1,  cmd, goto,0
362.0, elevID,1,  pos,-2,  cmd, goto,-1
368.0,Elev,0,  arrived at src, 0, Elevator call,232.95043623946805,0,-1,2,0
368.0,Elev,0,  arrived at src, 0, Elevator call,309.30053828560517,0,-1,2,0
368.0,Elev,0,  arrived at src, 0, Elevator call,312.30185564398687,0,-1,2,0
368.0,Elev,0,  arrived at src, 0, Elevator call,316.03237827404377,0,-1,2,0
368.0, elevID,0,  pos,0,  cmd, goto,-1
373.0,Elev,1,  arrived at src, -1, Elevator call,227.0798304557929,-1,5,2,1
373.0,Elev,1,  arrived at src, -1, Elevator call,231.51578817426258,-1,0,2,1
373.0,Elev,1,  arrived at src, -1, Elevator call,257.7974435335086,-1,0,2,1
373.0,Elev,1,  arrived at src, -1, Elevator call,320.97607492210807,-1,0,2,1
373.0,Elev,1,  arrived at src, -1, Elevator call,336.93043046159545,-1,0,2,1
373.0, elevID,1,  pos,-1,  cmd, goto,0
376.0,Elevator call,375.49048095381363,1,0,1,0, got allocated to elevator, 0
379.0,Elev,0,  arrived at dest, -1, this call is done!, Elevator call,232.95043623946805,0,-1,3,0, Done, dt, 146.04956376053195
379.0,Elev,0,  arrived at src, -1, Elevator call,251.10444690749756,-1,-2,2,0
379.0,Elev,0,  arrived at dest, -1, this call is done!, Elevator call,309.30053828560517,0,-1,3,0, Done, dt, 69.69946171439483
379.0,Elev,0,  arrived at dest, -1, this call is done!, Elevator call,312.30185564398687,0,-1,3,0, Done, dt, 66.69814435601313
379.0,Elev,0,  arrived at dest, -1, this call is done!, Elevator call,316.03237827404377,0,-1,3,0, Done, dt, 62.967621725956235
379.0, elevID,0,  pos,-1,  cmd, goto,-2
384.0,Elev,1,  arrived at dest, 0, this call is done!, Elevator call,231.51578817426258,-1,0,3,1, Done, dt, 152.48421182573742
384.0,Elev,1,  arrived at src, 0, Elevator call,251.23593354161653,0,9,2,1
384.0,Elev,1,  arrived at dest, 0, this call is done!, Elevator call,257.7974435335086,-1,0,3,1, Done, dt, 126.20255646649139
384.0,Elev,1,  arrived at src, 0, Elevator call,295.7943356681491,0,1,2,1
384.0,Elev,1,  arrived at dest, 0, this call is done!, Elevator call,320.97607492210807,-1,0,3,1, Done, dt, 63.02392507789193
384.0,Elev,1,  arrived at src, 0, Elevator call,332.4267319393355,0,10,2,1
384.0,Elev,1,  arrived at dest, 0, this call is done!, Elevator call,336.93043046159545,-1,0,3,1, Done, dt, 47.06956953840455
384.0, elevID,1,  pos,0,  cmd, goto,1
390.0,Elev,0,  arrived at dest, -2, this call is done!, Elevator call,251.10444690749756,-1,-2,3,0, Done, dt, 138.89555309250244
390.0, elevID,0,  pos,-2,  cmd, goto,10
393.0,Elevator call,392.5160764870397,0,5,1,1, got allocated to elevator, 1
395.0,Elev,1,  arrived at dest, 1, this call is done!, Elevator call,295.7943356681491,0,1,3,1, Done, dt, 99.20566433185093
395.0, elevID,1,  pos,1,  cmd, goto,2
406.0,Elevator call,405.1821140884023,-1,10,1,1, got allocated to elevator, 1
406.0, elevID,1,  pos,2,  cmd, goto,3
412.0, elevID,0,  pos,10,  cmd, goto,9
417.0, elevID,1,  pos,3,  cmd, goto,4
423.0, elevID,0,  pos,9,  cmd, goto,8
427.0,Elevator call,426.8615805478589,2,0,1,0, got allocated to elevator, 0
428.0, elevID,1,  pos,4,  cmd, goto,5
434.0, elevID,0,  pos,8,  cmd, goto,7
438.0,Elevator call,437.17111576125836,1,0,1,0, got allocated to elevator, 0
439.0,Elev,1,  arrived at dest, 5, this call is done!, Elevator call,227.0798304557929,-1,5,3,1, Done, dt, 211.9201695442071
439.0, elevID,1,  pos,5,  cmd, goto,6
445.0,Elev,0,  arrived at src, 7, Elevator call,321.37040904796595,7,-1,2,0
445.0, elevID,0,  pos,7,  cmd, goto,6
450.0, elevID,1,  pos,6,  cmd, goto,7
456.0,Elev,0,  arrived at src, 6, Elevator call,304.99843880775313,6,0,2,0
456.0,Elev,0,  arrived at src, 6, Elevator call,319.90520204415634,6,5,2,0
456.0, elevID,0,  pos,6,  cmd, goto,5
461.0, elevID,1,  pos,7,  cmd, goto,8
467.0,Elev,0,  arrived at dest, 5, this call is done!, Elevator call,319.90520204415634,6,5,3,0, Done, dt, 147.09479795584366
467.0, elevID,0,  pos,5,  cmd, goto,4
472.0, elevID,1,  pos,8,  cmd, goto,9
473.0,Elevator call,472.7445473930129,10,-1,1,0, got allocated to elevator, 0
478.0, elevID,0,  pos,4,  cmd, goto,3
483.0,Elev,1,  arrived at dest, 9, this call is done!, Elevator call,251.23593354161653,0,9,3,1, Done, dt, 231.76406645838347
483.0, elevID,1,  pos,9,  cmd, goto,10
489.0, elevID,0,  pos,3,  cmd, goto,2
494.0,Elev,1,  arrived at dest, 10, this call is done!, Elevator call,332.4267319393355,0,10,3,1, Done, dt, 161.57326806066447
494.0, elevID,1,  pos,10,  cmd, goto,-2
500.0,Elev,0,  arrived at src, 2, Elevator call,426.8615805478589,2,0,2,0
500.0, elevID,0,  pos,2,  cmd, goto,1
501.0,Elevator call,500.3712044996745,8,-1,1,0, got allocated to elevator, 0
504.0,Elevator call,503.13847841893045,1,-1,1,0, got allocated to elevator, 0
505.0,Elevator call,504.4317942159655,0,-1,1,0, got allocated to elevator, 0
511.0,Elev,0,  arrived at src, 1, Elevator call,375.49048095381363,1,0,2,0
511.0,Elev,0,  arrived at src, 1, Elevator call,437.17111576125836,1,0,2,0
511.0,Elev,0,  arrived at src, 1, Elevator call,503.13847841893045,1,-1,2,0
511.0, elevID,0,  pos,1,  cmd, goto,0
516.0, elevID,1,  pos,-2,  cmd, goto,-1
522.0,Elev,0,  arrived at dest, 0, this call is done!, Elevator call,304.99843880775313,6,0,3,0, Done, dt, 217.00156119224687
522.0,Elev,0,  arrived at dest, 0, this call is done!, Elevator call,375.49048095381363,1,0,3,0, Done, dt, 146.50951904618637
522.0,Elev,0,  arrived at dest, 0, this call is done!, Elevator call,426.8615805478589,2,0,3,0, Done, dt, 95.13841945214108
522.0,Elev,0,  arrived at dest, 0, this call is done!, Elevator call,437.17111576125836,1,0,3,0, Done, dt, 84.82888423874164
522.0,Elev,0,  arrived at src, 0, Elevator call,504.4317942159655,0,-1,2,0
522.0, elevID,0,  pos,0,  cmd, goto,-1
527.0,Elev,1,  arrived at src, -1, Elevator call,405.1821140884023,-1,10,2,1
527.0, elevID,1,  pos,-1,  cmd, goto,0
530.0,Elevator call,529.6277472128405,3,-1,1,0, got allocated to elevator, 0
533.0,Elev,0,  arrived at dest, -1, this call is done!, Elevator call,321.37040904796595,7,-1,3,0, Done, dt, 211.62959095203405
533.0,Elev,0,  arrived at dest, -1, this call is done!, Elevator call,503.13847841893045,1,-1,3,0, Done, dt, 29.861521581069553
533.0,Elev,0,  arrived at dest, -1, this call is done!, Elevator call,504.4317942159655,0,-1,3,0, Done, dt, 28.56820578403449
533.0, elevID,0,  pos,-1,  cmd, goto,-2
538.0,Elevator call,537.7866883694313,-1,6,1,1, got allocated to elevator, 1
538.0,Elev,1,  arrived at src, 0, Elevator call,392.5160764870397,0,5,2,1
538.0, elevID,1,  pos,0,  cmd, goto,1
544.0, elevID,0,  pos,-2,  cmd, goto,10
545.0,Elevator call,544.7880392034898,6,-1,1,0, got allocated to elevator, 0
549.0, elevID,1,  pos,1,  cmd, goto,2
555.0,Elevator call,554.0892922920482,4,0,1,0, got allocated to elevator, 0
558.0,Elevator call,557.2441390036331,10,0,1,0, got allocated to elevator, 0
560.0, elevID,1,  pos,2,  cmd, goto,3
566.0,Elevator call,565.0195521745534,0,-1,1,0, got allocated to elevator, 0
566.0,Elev,0,  arrived at src, 10, Elevator call,472.7445473930129,10,-1,2,0
566.0,Elev,0,  arrived at src, 10, Elevator call,557.2441390036331,10,0,2,0
566.0, elevID,0,  pos,10,  cmd, goto,9
571.0, elevID,1,  pos,3,  cmd, goto,4
577.0, elevID,0,  pos,9,  cmd, goto,8
582.0,Elevator call,581.8703090238192,0,3,1,1, got allocated to elevator, 1
582.0, elevID,1,  pos,4,  cmd, goto,5
588.0,Elev,0,  arrived at src, 8, Elevator call,500.3712044996745,8,-1,2,0
588.0, elevID,0,  pos,8,  cmd, goto,7
593.0,Elev,1,  arrived at dest, 5, this call is done!, Elevator call,392.5160764870397,0,5,3,1, Done, dt, 200.4839235129603
593.0, elevID,1,  pos,5,  cmd, goto,6
597.0,Elevator call,596.1232022872633,8,0,1,0, got allocated to elevator, 0
599.0, elevID,0,  pos,7,  cmd, goto,6
601.0,Elevator call,600.9312879686208,1,0,1,0, got allocated to elevator, 0
604.0,Elevator call,603.9342326983083,7,0,1,0, got allocated to elevator, 0
604.0, elevID,1,  pos,6,  cmd, goto,7
610.0,Elev,0,  arrived at src, 6, Elevator call,544.7880392034898,6,-1,2,0
610.0, elevID,0,  pos,6,  cmd, goto,5
615.0, elevID,1,  pos,7,  cmd, goto,8
618.0,Elevator call,617.9628338542149,0,3,1,1, got allocated to elevator, 1
620.0,Elevator call,619.6454196970012,9,0,1,0, got allocated to elevator, 0
621.0, elevID,0,  pos,5,  cmd, goto,4
626.0, elevID,1,  pos,8,  cmd, goto,9
627.0,Elevator call,626.2116172047942,0,1,1,1, got allocated to elevator, 1
632.0,Elev,0,  arrived at src, 4, Elevator call,554.0892922920482,4,0,2,0
632.0, elevID,0,  pos,4,  cmd, goto,3
637.0, elevID,1,  pos,9,  cmd, goto,10
643.0,Elev,0,  arrived at src, 3, Elevator call,529.6277472128405,3,-1,2,0
643.0, elevID,0,  pos,3,  cmd, goto,2
644.0,Elevator call,643.8547514955396,-1,2,1,1, got allocated to elevator, 1
648.0,Elev,1,  arrived at dest, 10, this call is done!, Elevator call,405.1821140884023,-1,10,3,1, Done, dt, 242.81788591159773
648.0, elevID,1,  pos,10,  cmd, goto,-2
654.0, elevID,0,  pos,2,  cmd, goto,1
661.0,Elevator call,660.0732907797126,6,10,1,1, got allocated to elevator, 1
662.0,Elevator call,661.0420820268716,-1,3,1,1, got allocated to elevator, 1
663.0,Elevator call,662.1730527520776,-1,5,1,1, got allocated to elevator, 1
665.0,Elev,0,  arrived at src, 1, Elevator call,600.9312879686208,1,0,2,0
665.0, elevID,0,  pos,1,  cmd, goto,0
666.0,Elevator call,665.1155548533167,-1,8,1,1, got allocated to elevator, 1
667.0,Elevator call,666.0340294605869,4,0,1,0, got allocated to elevator, 0
667.0,Elevator call,666.2411586665262,5,-1,1,0, got allocated to elevator, 0
670.0, elevID,1,  pos,-2,  cmd, goto,-1
673.0,Elevator call,672.677314157026,0,-1,1,0, got allocated to elevator, 0
676.0,Elev,0,  arrived at dest, 0, this call is done!, Elevator call,554.0892922920482,4,0,3,0, Done, dt, 121.91070770795181
676.0,Elev,0,  arrived at dest, 0, this call is done!, Elevator call,557.2441390036331,10,0,3,0, Done, dt, 118.75586099636689
676.0,Elev,0,  arrived at src, 0, Elevator call,565.0195521745534,0,-1,2,0
676.0,Elev,0,  arrived at dest, 0, this call is done!, Elevator call,600.9312879686208,1,0,3,0, Done, dt, 75.06871203137916
676.0,Elev,0,  arrived at src, 0, Elevator call,672.677314157026,0,-1,2,0
676.0, elevID,0,  pos,0,  cmd, goto,-1
678.0,Elevator call,677.7341948387335,0,-1,1,0, got allocated to elevator, 0
679.0,Elevator call,678.9953584914538,-1,-2,1,0, got allocated to elevator, 0
681.0,Elev,1,  arrived at src, -1, Elevator call,537.7866883694313,-1,6,2,1
681.0,Elev,1,  arrived at src, -1, Elevator call,643.8547514955396,-1,2,2,1
681.0,Elev,1,  arrived at src, -1, Elevator call,661.0420820268716,-1,3,2,1
681.0,Elev,1,  arrived at src, -1, Elevator call,662.1730527520776,-1,5,2,1
681.0,Elev,1,  arrived at src, -1, Elevator call,665.1155548533167,-1,8,2,1
681.0, elevID,1,  pos,-1,  cmd, goto,0
687.0,Elev,0,  arrived at dest, -1, this call is done!, Elevator call,472.7445473930129,10,-1,3,0, Done, dt, 214.2554526069871
687.0,Elev,0,  arrived at dest, -1, this call is done!, Elevator call,500.3712044996745,8,-1,3,0, Done, dt, 186.6287955003255
687.0,Elev,0,  arrived at dest, -1, this call is done!, Elevator call,529.6277472128405,3,-1,3,0, Done, dt, 157.37225278715948
687.0,Elev,0,  arrived at dest, -1, this call is done!, Elevator call,544.7880392034898,6,-1,3,0, Done, dt, 142.2119607965102
687.0,Elev,0,  arrived at dest, -1, this call is done!, Elevator call,565.0195521745534,0,-1,3,0, Done, dt, 121.98044782544662
687.0,Elev,0,  arrived at dest, -1, this call is done!, Elevator call,672.677314157026,0,-1,3,0, Done, dt, 14.32268584297401
687.0,Elev,0,  arrived at src, -1, Elevator call,678.9953584914538,-1,-2,2,0
687.0, elevID,0,  pos,-1,  cmd, goto,-2
692.0,Elev,1,  arrived at src, 0, Elevator call,581.8703090238192,0,3,2,1
692.0,Elev,1,  arrived at src, 0, Elevator call,617.9628338542149,0,3,2,1
692.0,Elev,1,  arrived at src, 0, Elevator call,626.2116172047942,0,1,2,1
692.0, elevID,1,  pos,0,  cmd, goto,1
696.0,Elevator call,695.2239881566923,0,10,1,1, got allocated to elevator, 1
698.0,Elev,0,  arrived at dest, -2, this call is done!, Elevator call,678.9953584914538,-1,-2,3,0, Done, dt, 19.00464150854623
698.0, elevID,0,  pos,-2,  cmd, goto,10
703.0,Elev,1,  arrived at dest, 1, this call is done!, Elevator call,626.2116172047942,0,1,3,1, Done, dt, 76.78838279520585
703.0, elevID,1,  pos,1,  cmd, goto,2
707.0,Elevator call,706.1583474999188,-1,-2,1,0, got allocated to elevator, 0
711.0,Elevator call,710.3249770041223,0,1,1,1, got allocated to elevator, 1
714.0,Elevator call,713.0191971398395,1,0,1,0, got allocated to elevator, 0
714.0,Elevator call,713.2499766424826,10,-1,1,0, got allocated to elevator, 0
714.0,Elev,1,  arrived at dest, 2, this call is done!, Elevator call,643.8547514955396,-1,2,3,1, Done, dt, 70.14524850446037
714.0, elevID,1,  pos,2,  cmd, goto,3
720.0,Elev,0,  arrived at src, 10, Elevator call,713.2499766424826,10,-1,2,0
720.0, elevID,0,  pos,10,  cmd, goto,9
723.0,Elevator call,722.6161212799507,10,0,1,0, got allocated to elevator, 0
725.0,Elev,1,  arrived at dest, 3, this call is done!, Elevator call,581.8703090238192,0,3,3,1, Done, dt, 143.12969097618077
725.0,Elev,1,  arrived at dest, 3, this call is done!, Elevator call,617.9628338542149,0,3,3,1, Done, dt, 107.03716614578514
725.0,Elev,1,  arrived at dest, 3, this call is done!, Elevator call,661.0420820268716,-1,3,3,1, Done, dt, 63.95791797312836
725.0, elevID,1,  pos,3,  cmd, goto,4
728.0,Elevator call,727.514602863032,-1,0,1,1, got allocated to elevator, 1
731.0,Elev,0,  arrived at src, 9, Elevator call,619.6454196970012,9,0,2,0
731.0, elevID,0,  pos,9,  cmd, goto,8
733.0,Elevator call,732.9746341348998,6,-1,1,0, got allocated to elevator, 0
736.0, elevID,1,  pos,4,  cmd, goto,5
738.0,Elevator call,737.314720213409,1,0,1,0, got allocated to elevator, 0
742.0,Elev,0,  arrived at src, 8, Elevator call,596.1232022872633,8,0,2,0
742.0, elevID,0,  pos,8,  cmd, goto,7
747.0,Elev,1,  arrived at dest, 5, this call is done!, Elevator call,662.1730527520776,-1,5,3,1, Done, dt, 84.82694724792236
747.0, elevID,1,  pos,5,  cmd, goto,6
753.0,Elev,0,  arrived at src, 7, Elevator call,603.9342326983083,7,0,2,0
753.0, elevID,0,  pos,7,  cmd, goto,6
758.0,Elev,1,  arrived at dest, 6, this call is done!, Elevator call,537.7866883694313,-1,6,3,1, Done, dt, 220.21331163056868
758.0,Elev,1,  arrived at src, 6, Elevator call,660.0732907797126,6,10,2,1
758.0, elevID,1,  pos,6,  cmd, goto,7
764.0,Elev,0,  arrived at src, 6, Elevator call,732.9746341348998,6,-1,2,0
764.0, elevID,0,  pos,6,  cmd, goto,5
769.0, elevID,1,  pos,7,  cmd, goto,8
775.0,Elev,0,  arrived at src, 5, Elevator call,666.2411586665262,5,-1,2,0
775.0, elevID,0,  pos,5,  cmd, goto,4
780.0,Elevator call,779.399691386574,-1,5,1,1, got allocated to elevator, 1
780.0,Elev,1,  arrived at dest, 8, this call is done!, Elevator call,665.1155548533167,-1,8,3,1, Done, dt, 114.88444514668333
780.0, elevID,1,  pos,8,  cmd, goto,9
786.0,Elev,0,  arrived at src, 4, Elevator call,666.0340294605869,4,0,2,0
786.0, elevID,0,  pos,4,  cmd, goto,3
791.0, elevID,1,  pos,9,  cmd, goto,10
797.0, elevID,0,  pos,3,  cmd, goto,2
802.0,Elev,1,  arrived at dest, 10, this call is done!, Elevator call,660.0732907797126,6,10,3,1, Done, dt, 141.92670922028742
802.0, elevID,1,  pos,10,  cmd, goto,-2
806.0,Elevator call,805.6754743307536,-1,-2,1,0, got allocated to elevator, 0
808.0, elevID,0,  pos,2,  cmd, goto,1
811.0,Elevator call,810.4469089359914,2,0,1,0, got allocated to elevator, 0
817.0,Elevator call,816.1516998390152,7,-1,1,0, got allocated to elevator, 0
819.0,Elev,0,  arrived at src, 1, Elevator call,713.0191971398395,1,0,2,0
819.0,Elev,0,  arrived at src, 1, Elevator call,737.314720213409,1,0,2,0
819.0, elevID,0,  pos,1,  cmd, goto,0
824.0, elevID,1,  pos,-2,  cmd, goto,-1
826.0,Elevator call,825.4575184586336,7,0,1,0, got allocated to elevator, 0
830.0,Elev,0,  arrived at dest, 0, this call is done!, Elevator call,596.1232022872633,8,0,3,0, Done, dt, 233.87679771273667
830.0,Elev,0,  arrived at dest, 0, this call is done!, Elevator call,603.9342326983083,7,0,3,0, Done, dt, 226.06576730169172
830.0,Elev,0,  arrived at dest, 0, this call is done!, Elevator call,619.6454196970012,9,0,3,0, Done, dt, 210.35458030299878
830.0,Elev,0,  arrived at dest, 0, this call is done!, Elevator call,666.0340294605869,4,0,3,0, Done, dt, 163.9659705394131
830.0,Elev,0,  arrived at src, 0, Elevator call,677.7341948387335,0,-1,2,0
830.0,Elev,0,  arrived at dest, 0, this call is done!, Elevator call,713.0191971398395,1,0,3,0, Done, dt, 116.98080286016045
830.0,Elev,0,  arrived at dest, 0, this call is done!, Elevator call,737.314720213409,1,0,3,0, Done, dt, 92.68527978659097
830.0, elevID,0,  pos,0,  cmd, goto,-1
835.0,Elev,1,  arrived at src, -1, Elevator call,727.514602863032,-1,0,2,1
835.0,Elev,1,  arrived at src, -1, Elevator call,779.399691386574,-1,5,2,1
835.0, elevID,1,  pos,-1,  cmd, goto,0
840.0,Elevator call,839.8525652620532,0,1,1,1, got allocated to elevator, 1
841.0,Elev,0,  arrived at dest, -1, this call is done!, Elevator call,666.2411586665262,5,-1,3,0, Done, dt, 174.7588413334738
841.0,Elev,0,  arrived at dest, -1, this call is done!, Elevator call,677.7341948387335,0,-1,3,0, Done, dt, 163.26580516126648
841.0,Elev,0,  arrived at src, -1, Elevator call,706.1583474999188,-1,-2,2,0
841.0,Elev,0,  arrived at dest, -1, this call is done!, Elevator call,713.2499766424826,10,-1,3,0, Done, dt, 127.75002335751742
841.0,Elev,0,  arrived at dest, -1, this call is done!, Elevator call,732.9746341348998,6,-1,3,0, Done, dt, 108.02536586510018
841.0,Elev,0,  arrived at src, -1, Elevator call,805.6754743307536,-1,-2,2,0
841.0, elevID,0,  pos,-1,  cmd, goto,-2
846.0,Elev,1,  arrived at src, 0, Elevator call,695.2239881566923,0,10,2,1
846.0,Elev,1,  arrived at src, 0, Elevator call,710.3249770041223,0,1,2,1
846.0,Elev,1,  arrived at dest, 0, this call is done!, Elevator call,727.514602863032,-1,0,3,1, Done, dt, 118.485397136968
846.0,Elev,1,  arrived at src, 0, Elevator call,839.8525652620532,0,1,2,1
846.0, elevID,1,  pos,0,  cmd, goto,1
852.0,Elev,0,  arrived at dest, -2, this call is done!, Elevator call,706.1583474999188,-1,-2,3,0, Done, dt, 145.84165250008118
852.0,Elev,0,  arrived at dest, -2, this call is done!, Elevator call,805.6754743307536,-1,-2,3,0, Done, dt, 46.32452566924644
852.0, elevID,0,  pos,-2,  cmd, goto,10
855.0,Elevator call,854.2002278085795,6,-1,1,0, got allocated to elevator, 0
857.0,Elev,1,  arrived at dest, 1, this call is done!, Elevator call,710.3249770041223,0,1,3,1, Done, dt, 146.67502299587773
857.0,Elev,1,  arrived at dest, 1, this call is done!, Elevator call,839.8525652620532,0,1,3,1, Done, dt, 17.14743473794681
857.0, elevID,1,  pos,1,  cmd, goto,2
864.0,Elevator call,863.893291272948,0,-1,1,0, got allocated to elevator, 0
868.0, elevID,1,  pos,2,  cmd, goto,3
871.0,Elevator call,870.5053023797483,0,7,1,1, got allocated to elevator, 1
874.0,Elev,0,  arrived at src, 10, Elevator call,722.6161212799507,10,0,2,0
874.0, elevID,0,  pos,10,  cmd, goto,9
879.0, elevID,1,  pos,3,  cmd, goto,4
885.0, elevID,0,  pos,9,  cmd, goto,8
887.0,Elevator call,886.5649993239458,-1,-2,1,0, got allocated to elevator, 0
890.0, elevID,1,  pos,4,  cmd, goto,5
893.0,Elevator call,892.5212150591021,9,-1,1,0, got allocated to elevator, 0
896.0, elevID,0,  pos,8,  cmd, goto,7
901.0,Elev,1,  arrived at dest, 5, this call is done!, Elevator call,779.399691386574,-1,5,3,1, Done, dt, 121.60030861342602
901.0, elevID,1,  pos,5,  cmd, goto,6
907.0,Elev,0,  arrived at src, 7, Elevator call,816.1516998390152,7,-1,2,0
907.0,Elev,0,  arrived at src, 7, Elevator call,825.4575184586336,7,0,2,0
907.0, elevID,0,  pos,7,  cmd, goto,6
911.0,Elevator call,910.5388559417848,6,5,1,0, got allocated to elevator, 0
912.0, elevID,1,  pos,6,  cmd, goto,7
916.0,Elevator call,915.9490574608818,4,-1,1,0, got allocated to elevator, 0
918.0,Elev,0,  arrived at src, 6, Elevator call,854.2002278085795,6,-1,2,0
918.0,Elev,0,  arrived at src, 6, Elevator call,910.5388559417848,6,5,2,0
918.0, elevID,0,  pos,6,  cmd, goto,5
923.0, elevID,1,  pos,7,  cmd, goto,8
929.0,Elev,0,  arrived at dest, 5, this call is done!, Elevator call,910.5388559417848,6,5,3,0, Done, dt, 18.461144058215154
929.0, elevID,0,  pos,5,  cmd, goto,4
934.0,Elevator call,933.8580452488764,7,5,1,0, got allocated to elevator, 0
934.0, elevID,1,  pos,8,  cmd, goto,9
940.0,Elev,0,  arrived at src, 4, Elevator call,915.9490574608818,4,-1,2,0
940.0, elevID,0,  pos,4,  cmd, goto,3
945.0, elevID,1,  pos,9,  cmd, goto,10
951.0, elevID,0,  pos,3,  cmd, goto,2
956.0,Elev,1,  arrived at dest, 10, this call is done!, Elevator call,695.2239881566923,0,10,3,1, Done, dt, 260.77601184330774
956.0, elevID,1,  pos,10,  cmd, goto,-2
962.0,Elevator call,961.6862855708133,6,-1,1,0, got allocated to elevator, 0
962.0,Elev,0,  arrived at src, 2, Elevator call,810.4469089359914,2,0,2,0
962.0, elevID,0,  pos,2,  cmd, goto,1
973.0,Elevator call,972.8032126022729,1,0,1,0, got allocated to elevator, 0
973.0,Elev,0,  arrived at src, 1, Elevator call,972.8032126022729,1,0,2,0
973.0, elevID,0,  pos,1,  cmd, goto,0
976.0,Elevator call,975.8361202753667,0,-1,1,0, got allocated to elevator, 0
978.0, elevID,1,  pos,-2,  cmd, goto,-1
979.0,Elevator call,978.5925148564796,10,0,1,0, got allocated to elevator, 0
979.0,Elevator call,978.6210500641439,10,-1,1,0, got allocated to elevator, 0
984.0,Elev,0,  arrived at dest, 0, this call is done!, Elevator call,722.6161212799507,10,0,3,0, Done, dt, 261.3838787200493
984.0,Elev,0,  arrived at dest, 0, this call is done!, Elevator call,810.4469089359914,2,0,3,0, Done, dt, 173.55309106400864
984.0,Elev,0,  arrived at dest, 0, this call is done!, Elevator call,825.4575184586336,7,0,3,0, Done, dt, 158.54248154136644
984.0,Elev,0,  arrived at src, 0, Elevator call,863.893291272948,0,-1,2,0
984.0,Elev,0,  arrived at dest, 0, this call is done!, Elevator call,972.8032126022729,1,0,3,0, Done, dt, 11.196787397727121
984.0,Elev,0,  arrived at src, 0, Elevator call,975.8361202753667,0,-1,2,0
984.0, elevID,0,  pos,0,  cmd, goto,-1
985.0,Elevator call,984.1840185574983,7,0,1,0, got allocated to elevator, 0
989.0, elevID,1,  pos,-1,  cmd, goto,0
995.0,Elev,0,  arrived at dest, -1, this call is done!, Elevator call,816.1516998390152,7,-1,3,0, Done, dt, 178.84830016098476
995.0,Elev,0,  arrived at dest, -1, this call is done!, Elevator call,854.2002278085795,6,-1,3,0, Done, dt, 140.79977219142052
995.0,Elev,0,  arrived at dest, -1, this call is done!, Elevator call,863.893291272948,0,-1,3,0, Done, dt, 131.10670872705202
995.0,Elev,0,  arrived at src, -1, Elevator call,886.5649993239458,-1,-2,2,0
995.0,Elev,0,  arrived at dest, -1, this call is done!, Elevator call,915.9490574608818,4,-1,3,0, Done, dt, 79.05094253911818
995.0,Elev,0,  arrived at dest, -1, this call is done!, Elevator call,975.8361202753667,0,-1,3,0, Done, dt, 19.16387972463326
995.0, elevID,0,  pos,-1,  cmd, goto,-2
1000.0,************* Simulation Ended ************
Code Owners,123456789,  Case,2,  Total waiting time: 11489.792822120187,  average waiting time per call: 114.89792822120188,  unCompleted calls,8,  certificate, -3865925233
